<?xml version="1.0" encoding="UTF-8"?>
<testsuite name="com.bmcl.refactoring.example2.ShapeTest" tests="6" skipped="0" failures="0" errors="0" timestamp="2023-11-10T19:14:23" hostname="PCBERNAS" time="0.846">
  <properties/>
  <testcase name="getAreaRectangle()" classname="com.bmcl.refactoring.example2.ShapeTest" time="0.024"/>
  <testcase name="getPerimeterCircle()" classname="com.bmcl.refactoring.example2.ShapeTest" time="0.002"/>
  <testcase name="drawCircle()" classname="com.bmcl.refactoring.example2.ShapeTest" time="0.807"/>
  <testcase name="getAreaCircle()" classname="com.bmcl.refactoring.example2.ShapeTest" time="0.002"/>
  <testcase name="getPerimeterRectangle()" classname="com.bmcl.refactoring.example2.ShapeTest" time="0.001"/>
  <testcase name="drawRectangle()" classname="com.bmcl.refactoring.example2.ShapeTest" time="0.004"/>
  <system-out><![CDATA[]]></system-out>
  <system-err><![CDATA[]]></system-err>
</testsuite>
